2020-08-06 10:42:55,765 INFO  com.wordpress.login.Login_12_Log_Report_HTML - Pre-condition : Step 01 - Navigate to login page
2020-08-06 10:42:55,778 INFO  com.wordpress.login.Login_12_Log_Report_HTML - Login Page : Step 01 - Input to 'Email' textbox 
2020-08-06 10:42:55,951 INFO  com.wordpress.login.Login_12_Log_Report_HTML - Login Page : Step 02 - Click to 'Continue' button 
2020-08-06 10:42:56,216 INFO  com.wordpress.login.Login_12_Log_Report_HTML - Login Page : Step 03 - Input to 'Password' textbox 
2020-08-06 10:42:56,847 INFO  com.wordpress.login.Login_12_Log_Report_HTML - Login Page : Step 04 - Navigate to Dashboard page
2020-08-06 10:42:57,111 INFO  com.wordpress.login.Login_12_Log_Report_HTML - Dasboard Page : Step 05 - Verify header text displayed
2020-08-06 10:43:01,063 INFO  com.wordpress.login.Login_12_Log_Report_HTML - Dasboard Page : Step 01 - Click to Screen option : open/active
2020-08-06 10:43:03,355 INFO  com.wordpress.login.Login_12_Log_Report_HTML - Dasboard Page : Step 02 - Verify 'Activity Checkbox' displayed
2020-08-06 10:43:03,395 INFO  com.wordpress.login.Login_12_Log_Report_HTML - Dasboard Page : Step 03 - Click to Screen option : close/inactive
2020-08-06 10:43:05,660 INFO  com.wordpress.login.Login_12_Log_Report_HTML - Dasboard Page : Step 02 - Verify 'Activity Checkbox' displayed
2020-08-06 10:43:05,717 INFO  com.wordpress.login.Login_12_Log_Report_HTML - Dasboard Page : Step 02 - Verify 'All Posts menu ' displayed
2020-08-06 10:43:05,748 INFO  com.wordpress.login.Login_12_Log_Report_HTML - Dasboard Page : Step 02 - Verify 'Plans Menu' displayed
2020-08-06 10:43:10,792 INFO  com.wordpress.login.Login_12_Log_Report_HTML - Post-condition : Close browser
2020-08-06 10:48:15,002 INFO  com.wordpress.login.Login_12_Log_Report_HTML - Pre-condition : Step 01 - Navigate to login page
2020-08-06 10:48:15,017 INFO  com.wordpress.login.Login_12_Log_Report_HTML - Login Page : Step 01 - Input to 'Email' textbox 
2020-08-06 10:48:15,185 INFO  com.wordpress.login.Login_12_Log_Report_HTML - Login Page : Step 02 - Click to 'Continue' button 
2020-08-06 10:48:15,446 INFO  com.wordpress.login.Login_12_Log_Report_HTML - Login Page : Step 03 - Input to 'Password' textbox 
2020-08-06 10:48:16,087 INFO  com.wordpress.login.Login_12_Log_Report_HTML - Login Page : Step 04 - Navigate to Dashboard page
2020-08-06 10:48:16,345 INFO  com.wordpress.login.Login_12_Log_Report_HTML - Dasboard Page : Step 01 - Verify header text displayed
2020-08-06 10:48:20,607 INFO  com.wordpress.login.Login_12_Log_Report_HTML - Dasboard Page : Step 02 - Click to Screen option : open/active
2020-08-06 10:48:22,897 INFO  com.wordpress.login.Login_12_Log_Report_HTML - Dasboard Page : Step 03 - Verify 'Activity Checkbox' displayed
2020-08-06 10:48:23,084 INFO  com.wordpress.login.Login_12_Log_Report_HTML - Dasboard Page : Step 04 - Click to Screen option : close/inactive
2020-08-06 10:48:25,368 INFO  com.wordpress.login.Login_12_Log_Report_HTML - Dasboard Page : Step 05 - Verify 'Activity Checkbox' undisplayed
2020-08-06 10:48:25,405 INFO  com.wordpress.login.Login_12_Log_Report_HTML - Dasboard Page : Step 06 - Verify 'All Posts menu ' undisplayed
2020-08-06 10:48:25,435 INFO  com.wordpress.login.Login_12_Log_Report_HTML - Dasboard Page : Step 02 - Verify 'Plans Menu' undisplayed
2020-08-06 10:48:30,493 INFO  com.wordpress.login.Login_12_Log_Report_HTML - Post-condition : Close browser
2020-08-06 10:53:45,025 INFO  com.wordpress.login.Login_12_Log_Report_HTML - Pre-condition : Step 01 - Navigate to login page
2020-08-06 10:53:45,038 INFO  com.wordpress.login.Login_12_Log_Report_HTML - Login Page : Step 01 - Input to 'Email' textbox 
2020-08-06 10:53:45,228 INFO  com.wordpress.login.Login_12_Log_Report_HTML - Login Page : Step 02 - Click to 'Continue' button 
2020-08-06 10:53:45,502 INFO  com.wordpress.login.Login_12_Log_Report_HTML - Login Page : Step 03 - Input to 'Password' textbox 
2020-08-06 10:53:46,120 INFO  com.wordpress.login.Login_12_Log_Report_HTML - Login Page : Step 04 - Navigate to Dashboard page
2020-08-06 10:53:46,383 INFO  com.wordpress.login.Login_12_Log_Report_HTML - Dasboard Page : Step 01 - Verify header text displayed
2020-08-06 10:53:52,387 INFO  com.wordpress.login.Login_12_Log_Report_HTML -  -------------------------- PASSED -------------------------- 
2020-08-06 10:53:52,393 INFO  com.wordpress.login.Login_12_Log_Report_HTML - Dasboard Page : Step 02 - Click to Screen option : open/active
2020-08-06 10:53:54,688 INFO  com.wordpress.login.Login_12_Log_Report_HTML - Dasboard Page : Step 03 - Verify 'Activity Checkbox' displayed
2020-08-06 10:53:54,728 INFO  com.wordpress.login.Login_12_Log_Report_HTML -  -------------------------- FAILED -------------------------- 
2020-08-06 10:53:54,729 INFO  com.wordpress.login.Login_12_Log_Report_HTML - Dasboard Page : Step 04 - Click to Screen option : close/inactive
2020-08-06 10:53:56,994 INFO  com.wordpress.login.Login_12_Log_Report_HTML - Dasboard Page : Step 05 - Verify 'Activity Checkbox' undisplayed
2020-08-06 10:53:57,031 INFO  com.wordpress.login.Login_12_Log_Report_HTML -  -------------------------- FAILED -------------------------- 
2020-08-06 10:53:57,031 INFO  com.wordpress.login.Login_12_Log_Report_HTML - Dasboard Page : Step 06 - Verify 'All Posts menu ' undisplayed
2020-08-06 10:53:57,057 INFO  com.wordpress.login.Login_12_Log_Report_HTML -  -------------------------- PASSED -------------------------- 
2020-08-06 10:53:57,061 INFO  com.wordpress.login.Login_12_Log_Report_HTML - Dasboard Page : Step 02 - Verify 'Plans Menu' undisplayed
2020-08-06 10:54:02,094 INFO  com.wordpress.login.Login_12_Log_Report_HTML -  -------------------------- PASSED -------------------------- 
2020-08-06 10:54:02,095 INFO  com.wordpress.login.Login_12_Log_Report_HTML - Post-condition : Close browser
2020-08-06 10:54:51,685 INFO  com.wordpress.login.Login_12_Log_Report_HTML - Pre-condition : Step 01 - Navigate to login page
2020-08-06 10:54:51,700 INFO  com.wordpress.login.Login_12_Log_Report_HTML - Login Page : Step 01 - Input to 'Email' textbox 
2020-08-06 10:54:51,868 INFO  com.wordpress.login.Login_12_Log_Report_HTML - Login Page : Step 02 - Click to 'Continue' button 
2020-08-06 10:54:52,132 INFO  com.wordpress.login.Login_12_Log_Report_HTML - Login Page : Step 03 - Input to 'Password' textbox 
2020-08-06 10:54:52,773 INFO  com.wordpress.login.Login_12_Log_Report_HTML - Login Page : Step 04 - Navigate to Dashboard page
2020-08-06 10:54:53,038 INFO  com.wordpress.login.Login_12_Log_Report_HTML - Dasboard Page : Step 01 - Verify header text displayed
2020-08-06 10:54:58,168 INFO  com.wordpress.login.Login_12_Log_Report_HTML -  -------------------------- PASSED -------------------------- 
2020-08-06 10:54:58,172 INFO  com.wordpress.login.Login_12_Log_Report_HTML - Dasboard Page : Step 02 - Click to Screen option : open/active
2020-08-06 10:55:03,464 INFO  com.wordpress.login.Login_12_Log_Report_HTML - Dasboard Page : Step 03 - Verify 'Activity Checkbox' displayed
2020-08-06 10:55:03,498 INFO  com.wordpress.login.Login_12_Log_Report_HTML -  -------------------------- FAILED -------------------------- 
2020-08-06 10:55:03,498 INFO  com.wordpress.login.Login_12_Log_Report_HTML - Dasboard Page : Step 04 - Click to Screen option : close/inactive
2020-08-06 10:55:08,775 INFO  com.wordpress.login.Login_12_Log_Report_HTML - Dasboard Page : Step 05 - Verify 'Activity Checkbox' undisplayed
2020-08-06 10:55:08,809 INFO  com.wordpress.login.Login_12_Log_Report_HTML -  -------------------------- FAILED -------------------------- 
2020-08-06 10:55:08,809 INFO  com.wordpress.login.Login_12_Log_Report_HTML - Dasboard Page : Step 06 - Verify 'All Posts menu ' undisplayed
2020-08-06 10:55:08,834 INFO  com.wordpress.login.Login_12_Log_Report_HTML -  -------------------------- PASSED -------------------------- 
2020-08-06 10:55:08,838 INFO  com.wordpress.login.Login_12_Log_Report_HTML - Dasboard Page : Step 02 - Verify 'Plans Menu' undisplayed
2020-08-06 10:55:13,866 INFO  com.wordpress.login.Login_12_Log_Report_HTML -  -------------------------- PASSED -------------------------- 
2020-08-06 10:55:13,868 INFO  com.wordpress.login.Login_12_Log_Report_HTML - Post-condition : Close browser
2020-08-06 11:00:44,700 INFO  com.wordpress.login.Login_11_Assert_Verify -  -------------------------- PASSED -------------------------- 
2020-08-06 11:00:50,065 INFO  com.wordpress.login.Login_11_Assert_Verify -  -------------------------- FAILED -------------------------- 
2020-08-06 11:00:55,368 INFO  com.wordpress.login.Login_11_Assert_Verify -  -------------------------- FAILED -------------------------- 
2020-08-06 11:00:55,395 INFO  com.wordpress.login.Login_11_Assert_Verify -  -------------------------- PASSED -------------------------- 
2020-08-06 11:01:00,429 INFO  com.wordpress.login.Login_11_Assert_Verify -  -------------------------- PASSED -------------------------- 
2020-08-06 11:11:19,249 INFO  com.wordpress.login.Login_11_Assert_Verify -  -------------------------- PASSED -------------------------- 
2020-08-06 11:11:24,626 INFO  com.wordpress.login.Login_11_Assert_Verify -  -------------------------- FAILED -------------------------- 
2020-08-06 11:11:29,924 INFO  com.wordpress.login.Login_11_Assert_Verify -  -------------------------- FAILED -------------------------- 
2020-08-06 11:11:29,951 INFO  com.wordpress.login.Login_11_Assert_Verify -  -------------------------- PASSED -------------------------- 
2020-08-06 11:11:34,978 INFO  com.wordpress.login.Login_11_Assert_Verify -  -------------------------- PASSED -------------------------- 
2020-08-06 11:13:54,932 INFO  com.wordpress.login.Login_11_Assert_Verify -  -------------------------- PASSED -------------------------- 
2020-08-06 11:14:00,269 INFO  com.wordpress.login.Login_11_Assert_Verify -  -------------------------- FAILED -------------------------- 
2020-08-06 11:14:05,567 INFO  com.wordpress.login.Login_11_Assert_Verify -  -------------------------- FAILED -------------------------- 
2020-08-06 11:14:05,594 INFO  com.wordpress.login.Login_11_Assert_Verify -  -------------------------- PASSED -------------------------- 
2020-08-06 11:14:10,625 INFO  com.wordpress.login.Login_11_Assert_Verify -  -------------------------- PASSED -------------------------- 
2020-08-06 11:22:53,798 INFO  com.wordpress.login.Login_12_Log_Report_HTML - Pre-condition : Step 01 - Navigate to login page
2020-08-06 11:22:53,813 INFO  com.wordpress.login.Login_12_Log_Report_HTML - Login Page : Step 01 - Input to 'Email' textbox 
2020-08-06 11:22:53,974 INFO  com.wordpress.login.Login_12_Log_Report_HTML - Login Page : Step 02 - Click to 'Continue' button 
2020-08-06 11:22:54,242 INFO  com.wordpress.login.Login_12_Log_Report_HTML - Login Page : Step 03 - Input to 'Password' textbox 
2020-08-06 11:22:54,878 INFO  com.wordpress.login.Login_12_Log_Report_HTML - Login Page : Step 04 - Navigate to Dashboard page
2020-08-06 11:22:55,139 INFO  com.wordpress.login.Login_12_Log_Report_HTML - Dasboard Page : Step 01 - Verify header text displayed
2020-08-06 11:22:59,573 INFO  com.wordpress.login.Login_12_Log_Report_HTML -  -------------------------- PASSED -------------------------- 
2020-08-06 11:22:59,578 INFO  com.wordpress.login.Login_12_Log_Report_HTML - Dasboard Page : Step 02 - Click to Screen option
2020-08-06 11:23:04,880 INFO  com.wordpress.login.Login_12_Log_Report_HTML - Dasboard Page : Step 03 - Verify 'Activity' checkbox is displayed
2020-08-06 11:23:04,906 INFO  com.wordpress.login.Login_12_Log_Report_HTML -  -------------------------- FAILED -------------------------- 
2020-08-06 11:23:04,907 INFO  com.wordpress.login.Login_12_Log_Report_HTML - Dasboard Page : Step 04 - Click to Screen option 
2020-08-06 11:23:10,180 INFO  com.wordpress.login.Login_12_Log_Report_HTML - Dasboard Page : Step 05 - Verify 'Activity Checkbox' undisplayed
2020-08-06 11:23:10,209 INFO  com.wordpress.login.Login_12_Log_Report_HTML -  -------------------------- FAILED -------------------------- 
2020-08-06 11:23:10,209 INFO  com.wordpress.login.Login_12_Log_Report_HTML - Dasboard Page : Step 06 - Verify 'All Posts menu ' undisplayed
2020-08-06 11:23:10,237 INFO  com.wordpress.login.Login_12_Log_Report_HTML -  -------------------------- PASSED -------------------------- 
2020-08-06 11:23:10,241 INFO  com.wordpress.login.Login_12_Log_Report_HTML - Dasboard Page : Step 02 - Verify 'Plans Menu' undisplayed
2020-08-06 11:23:15,279 INFO  com.wordpress.login.Login_12_Log_Report_HTML -  -------------------------- PASSED -------------------------- 
2020-08-06 11:23:15,281 INFO  com.wordpress.login.Login_12_Log_Report_HTML - Post-condition : Close browser
2020-08-06 11:35:00,521 INFO  com.wordpress.login.Login_12_Log_Report_HTML - Pre-condition : Step 01 - Navigate to login page
2020-08-06 11:35:00,535 INFO  com.wordpress.login.Login_12_Log_Report_HTML - Login Page : Step 01 - Input to 'Email' textbox 
2020-08-06 11:35:00,728 INFO  com.wordpress.login.Login_12_Log_Report_HTML - Login Page : Step 02 - Click to 'Continue' button 
2020-08-06 11:35:01,002 INFO  com.wordpress.login.Login_12_Log_Report_HTML - Login Page : Step 03 - Input to 'Password' textbox 
2020-08-06 11:35:01,633 INFO  com.wordpress.login.Login_12_Log_Report_HTML - Login Page : Step 04 - Navigate to Dashboard page
2020-08-06 11:35:01,893 INFO  com.wordpress.login.Login_12_Log_Report_HTML - Dasboard Page : Step 01 - Verify header text displayed
2020-08-06 11:35:07,535 INFO  com.wordpress.login.Login_12_Log_Report_HTML -  -------------------------- PASSED -------------------------- 
2020-08-06 11:35:07,539 INFO  com.wordpress.login.Login_12_Log_Report_HTML - Dasboard Page : Step 02 - Click to Screen option
2020-08-06 11:35:12,837 INFO  com.wordpress.login.Login_12_Log_Report_HTML - Dasboard Page : Step 03 - Verify 'Activity' checkbox is displayed
2020-08-06 11:35:38,821 INFO  com.wordpress.login.Login_12_Log_Report_HTML - Dasboard Page : Step 02 - Verify 'Plans Menu' undisplayed
2020-08-06 11:35:40,120 INFO  com.wordpress.login.Login_12_Log_Report_HTML - Post-condition : Close browser
2020-08-06 11:36:01,587 INFO  com.wordpress.login.Login_12_Log_Report_HTML - Pre-condition : Step 01 - Navigate to login page
2020-08-06 11:36:01,603 INFO  com.wordpress.login.Login_12_Log_Report_HTML - Login Page : Step 01 - Input to 'Email' textbox 
2020-08-06 11:36:01,769 INFO  com.wordpress.login.Login_12_Log_Report_HTML - Login Page : Step 02 - Click to 'Continue' button 
2020-08-06 11:36:02,046 INFO  com.wordpress.login.Login_12_Log_Report_HTML - Login Page : Step 03 - Input to 'Password' textbox 
2020-08-06 11:36:02,659 INFO  com.wordpress.login.Login_12_Log_Report_HTML - Login Page : Step 04 - Navigate to Dashboard page
2020-08-06 11:36:02,919 INFO  com.wordpress.login.Login_12_Log_Report_HTML - Dasboard Page : Step 01 - Verify header text displayed
2020-08-06 11:36:09,331 INFO  com.wordpress.login.Login_12_Log_Report_HTML -  -------------------------- PASSED -------------------------- 
2020-08-06 11:36:09,336 INFO  com.wordpress.login.Login_12_Log_Report_HTML - Dasboard Page : Step 02 - Click to Screen option
2020-08-06 11:36:14,631 INFO  com.wordpress.login.Login_12_Log_Report_HTML - Dasboard Page : Step 03 - Verify 'Activity' checkbox is displayed
2020-08-06 11:36:38,952 INFO  com.wordpress.login.Login_12_Log_Report_HTML -  -------------------------- PASSED -------------------------- 
2020-08-06 11:36:38,952 INFO  com.wordpress.login.Login_12_Log_Report_HTML - Dasboard Page : Step 04 - Click to Screen option 
2020-08-06 11:36:44,208 INFO  com.wordpress.login.Login_12_Log_Report_HTML - Dasboard Page : Step 05 - Verify 'Activity Checkbox' undisplayed
2020-08-06 11:37:08,589 INFO  com.wordpress.login.Login_12_Log_Report_HTML -  -------------------------- FAILED -------------------------- 
2020-08-06 11:37:08,590 INFO  com.wordpress.login.Login_12_Log_Report_HTML - Dasboard Page : Step 06 - Verify 'All Posts menu ' undisplayed
2020-08-06 11:37:38,719 INFO  com.wordpress.login.Login_12_Log_Report_HTML - Dasboard Page : Step 02 - Verify 'Plans Menu' undisplayed
2020-08-06 11:37:39,779 INFO  com.wordpress.login.Login_12_Log_Report_HTML - Post-condition : Close browser
2020-08-06 11:38:39,611 INFO  com.wordpress.login.Login_12_Log_Report_HTML - Pre-condition : Step 01 - Navigate to login page
2020-08-06 11:38:39,625 INFO  com.wordpress.login.Login_12_Log_Report_HTML - Login Page : Step 01 - Input to 'Email' textbox 
2020-08-06 11:38:39,797 INFO  com.wordpress.login.Login_12_Log_Report_HTML - Login Page : Step 02 - Click to 'Continue' button 
2020-08-06 11:38:40,070 INFO  com.wordpress.login.Login_12_Log_Report_HTML - Login Page : Step 03 - Input to 'Password' textbox 
2020-08-06 11:38:41,258 INFO  com.wordpress.login.Login_12_Log_Report_HTML - Login Page : Step 04 - Navigate to Dashboard page
2020-08-06 11:38:41,517 INFO  com.wordpress.login.Login_12_Log_Report_HTML - Dasboard Page : Step 01 - Verify header text displayed
2020-08-06 11:38:45,943 INFO  com.wordpress.login.Login_12_Log_Report_HTML -  -------------------------- PASSED -------------------------- 
2020-08-06 11:38:45,950 INFO  com.wordpress.login.Login_12_Log_Report_HTML - Dasboard Page : Step 02 - Click to Screen option
2020-08-06 11:38:48,240 INFO  com.wordpress.login.Login_12_Log_Report_HTML - Dasboard Page : Step 03 - Verify 'Activity' checkbox is displayed
2020-08-06 11:39:18,416 INFO  com.wordpress.login.Login_12_Log_Report_HTML - Dasboard Page : Step 02 - Verify 'Plans Menu' undisplayed
2020-08-06 11:39:23,441 INFO  com.wordpress.login.Login_12_Log_Report_HTML -  -------------------------- PASSED -------------------------- 
2020-08-06 11:39:23,442 INFO  com.wordpress.login.Login_12_Log_Report_HTML - Post-condition : Close browser
2020-08-06 11:43:55,791 INFO  com.wordpress.login.Login_12_Log_Report_HTML - Pre-condition : Step 01 - Navigate to login page
2020-08-06 11:43:55,806 INFO  com.wordpress.login.Login_12_Log_Report_HTML - Login Page : Step 01 - Input to 'Email' textbox 
2020-08-06 11:43:55,983 INFO  com.wordpress.login.Login_12_Log_Report_HTML - Login Page : Step 02 - Click to 'Continue' button 
2020-08-06 11:43:56,258 INFO  com.wordpress.login.Login_12_Log_Report_HTML - Login Page : Step 03 - Input to 'Password' textbox 
2020-08-06 11:43:56,876 INFO  com.wordpress.login.Login_12_Log_Report_HTML - Login Page : Step 04 - Navigate to Dashboard page
2020-08-06 11:43:57,166 INFO  com.wordpress.login.Login_12_Log_Report_HTML - Dasboard Page : Step 01 - Verify header text displayed
2020-08-06 11:44:07,932 INFO  com.wordpress.login.Login_12_Log_Report_HTML -  -------------------------- PASSED -------------------------- 
2020-08-06 11:44:07,938 INFO  com.wordpress.login.Login_12_Log_Report_HTML - Dasboard Page : Step 02 - Click to Screen option
2020-08-06 11:44:10,224 INFO  com.wordpress.login.Login_12_Log_Report_HTML - Dasboard Page : Step 03 - Verify 'Activity' checkbox is displayed
2020-08-06 11:44:19,385 INFO  com.wordpress.login.Login_12_Log_Report_HTML -  -------------------------- PASSED -------------------------- 
2020-08-06 11:44:19,385 INFO  com.wordpress.login.Login_12_Log_Report_HTML - Dasboard Page : Step 04 - Click to Screen option 
2020-08-06 11:44:21,651 INFO  com.wordpress.login.Login_12_Log_Report_HTML - Dasboard Page : Step 05 - Verify 'Activity Checkbox' undisplayed
2020-08-06 11:44:51,796 INFO  com.wordpress.login.Login_12_Log_Report_HTML - Dasboard Page : Step 02 - Verify 'Plans Menu' undisplayed
2020-08-06 11:44:56,836 INFO  com.wordpress.login.Login_12_Log_Report_HTML -  -------------------------- PASSED -------------------------- 
2020-08-06 11:44:56,838 INFO  com.wordpress.login.Login_12_Log_Report_HTML - Post-condition : Close browser
2020-08-06 11:51:30,812 INFO  com.wordpress.login.Login_12_Log_Report_HTML - Pre-condition : Step 01 - Navigate to login page
2020-08-06 11:51:30,827 INFO  com.wordpress.login.Login_12_Log_Report_HTML - Login Page : Step 01 - Input to 'Email' textbox 
2020-08-06 11:51:30,992 INFO  com.wordpress.login.Login_12_Log_Report_HTML - Login Page : Step 02 - Click to 'Continue' button 
2020-08-06 11:51:31,263 INFO  com.wordpress.login.Login_12_Log_Report_HTML - Login Page : Step 03 - Input to 'Password' textbox 
2020-08-06 11:51:31,908 INFO  com.wordpress.login.Login_12_Log_Report_HTML - Login Page : Step 04 - Navigate to Dashboard page
2020-08-06 11:51:32,170 INFO  com.wordpress.login.Login_12_Log_Report_HTML - Dasboard Page : Step 01 - Verify header text displayed
2020-08-06 11:51:36,809 INFO  com.wordpress.login.Login_12_Log_Report_HTML -  -------------------------- PASSED -------------------------- 
2020-08-06 11:51:36,814 INFO  com.wordpress.login.Login_12_Log_Report_HTML - Dasboard Page : Step 02 - Click to Screen option
2020-08-06 11:51:39,161 INFO  com.wordpress.login.Login_12_Log_Report_HTML - Dasboard Page : Step 03 - Verify 'Activity' checkbox is displayed
2020-08-06 11:51:39,198 INFO  com.wordpress.login.Login_12_Log_Report_HTML -  -------------------------- FAILED -------------------------- 
2020-08-06 11:51:39,199 INFO  com.wordpress.login.Login_12_Log_Report_HTML - Dasboard Page : Step 04 - Click to Screen option 
2020-08-06 11:51:41,469 INFO  com.wordpress.login.Login_12_Log_Report_HTML - Dasboard Page : Step 05 - Verify 'Activity Checkbox' undisplayed
2020-08-06 11:51:41,494 INFO  com.wordpress.login.Login_12_Log_Report_HTML -  -------------------------- FAILED -------------------------- 
2020-08-06 11:51:41,494 INFO  com.wordpress.login.Login_12_Log_Report_HTML - Dasboard Page : Step 06 - Verify 'All Posts menu ' undisplayed
2020-08-06 11:51:41,521 INFO  com.wordpress.login.Login_12_Log_Report_HTML -  -------------------------- PASSED -------------------------- 
2020-08-06 11:51:41,523 INFO  com.wordpress.login.Login_12_Log_Report_HTML - Dasboard Page : Step 02 - Verify 'Plans Menu' undisplayed
2020-08-06 11:51:46,556 INFO  com.wordpress.login.Login_12_Log_Report_HTML -  -------------------------- PASSED -------------------------- 
2020-08-06 11:51:46,558 INFO  com.wordpress.login.Login_12_Log_Report_HTML - Post-condition : Close browser
2020-08-06 11:52:52,424 INFO  com.wordpress.login.Login_12_Log_Report_HTML - Pre-condition : Step 01 - Navigate to login page
2020-08-06 11:52:52,438 INFO  com.wordpress.login.Login_12_Log_Report_HTML - Login Page : Step 01 - Input to 'Email' textbox 
2020-08-06 11:52:52,616 INFO  com.wordpress.login.Login_12_Log_Report_HTML - Login Page : Step 02 - Click to 'Continue' button 
2020-08-06 11:52:52,884 INFO  com.wordpress.login.Login_12_Log_Report_HTML - Login Page : Step 03 - Input to 'Password' textbox 
2020-08-06 11:52:53,511 INFO  com.wordpress.login.Login_12_Log_Report_HTML - Login Page : Step 04 - Navigate to Dashboard page
2020-08-06 11:52:53,769 INFO  com.wordpress.login.Login_12_Log_Report_HTML - Dasboard Page : Step 01 - Verify header text displayed
2020-08-06 11:52:59,856 INFO  com.wordpress.login.Login_12_Log_Report_HTML -  -------------------------- PASSED -------------------------- 
2020-08-06 11:52:59,862 INFO  com.wordpress.login.Login_12_Log_Report_HTML - Dasboard Page : Step 02 - Click to Screen option
2020-08-06 11:53:03,146 INFO  com.wordpress.login.Login_12_Log_Report_HTML - Dasboard Page : Step 03 - Verify 'Activity' checkbox is displayed
2020-08-06 11:53:07,961 INFO  com.wordpress.login.Login_12_Log_Report_HTML -  -------------------------- PASSED -------------------------- 
2020-08-06 11:53:07,961 INFO  com.wordpress.login.Login_12_Log_Report_HTML - Dasboard Page : Step 04 - Click to Screen option 
2020-08-06 11:53:11,223 INFO  com.wordpress.login.Login_12_Log_Report_HTML - Dasboard Page : Step 05 - Verify 'Activity Checkbox' undisplayed
2020-08-06 11:53:41,383 INFO  com.wordpress.login.Login_12_Log_Report_HTML - Dasboard Page : Step 02 - Verify 'Plans Menu' undisplayed
2020-08-06 11:53:46,419 INFO  com.wordpress.login.Login_12_Log_Report_HTML -  -------------------------- PASSED -------------------------- 
2020-08-06 11:53:46,421 INFO  com.wordpress.login.Login_12_Log_Report_HTML - Post-condition : Close browser
2020-08-06 11:55:21,347 INFO  com.wordpress.login.Login_12_Log_Report_HTML - Pre-condition : Step 01 - Navigate to login page
2020-08-06 11:55:21,360 INFO  com.wordpress.login.Login_12_Log_Report_HTML - Login Page : Step 01 - Input to 'Email' textbox 
2020-08-06 11:55:21,526 INFO  com.wordpress.login.Login_12_Log_Report_HTML - Login Page : Step 02 - Click to 'Continue' button 
2020-08-06 11:55:21,817 INFO  com.wordpress.login.Login_12_Log_Report_HTML - Login Page : Step 03 - Input to 'Password' textbox 
2020-08-06 11:55:22,440 INFO  com.wordpress.login.Login_12_Log_Report_HTML - Login Page : Step 04 - Navigate to Dashboard page
2020-08-06 11:55:22,696 INFO  com.wordpress.login.Login_12_Log_Report_HTML - Dasboard Page : Step 01 - Verify header text displayed
2020-08-06 11:55:26,638 INFO  com.wordpress.login.Login_12_Log_Report_HTML -  -------------------------- PASSED -------------------------- 
2020-08-06 11:55:26,644 INFO  com.wordpress.login.Login_12_Log_Report_HTML - Dasboard Page : Step 02 - Click to Screen option
2020-08-06 11:55:29,928 INFO  com.wordpress.login.Login_12_Log_Report_HTML - Dasboard Page : Step 03 - Verify 'Activity' checkbox is displayed
2020-08-06 11:55:29,963 INFO  com.wordpress.login.Login_12_Log_Report_HTML -  -------------------------- FAILED -------------------------- 
2020-08-06 11:55:29,964 INFO  com.wordpress.login.Login_12_Log_Report_HTML - Dasboard Page : Step 04 - Click to Screen option 
2020-08-06 11:55:33,245 INFO  com.wordpress.login.Login_12_Log_Report_HTML - Dasboard Page : Step 05 - Verify 'Activity Checkbox' undisplayed
2020-08-06 11:55:33,284 INFO  com.wordpress.login.Login_12_Log_Report_HTML -  -------------------------- FAILED -------------------------- 
2020-08-06 11:55:33,284 INFO  com.wordpress.login.Login_12_Log_Report_HTML - Dasboard Page : Step 06 - Verify 'All Posts menu ' undisplayed
2020-08-06 11:55:33,310 INFO  com.wordpress.login.Login_12_Log_Report_HTML -  -------------------------- PASSED -------------------------- 
2020-08-06 11:55:33,316 INFO  com.wordpress.login.Login_12_Log_Report_HTML - Dasboard Page : Step 02 - Verify 'Plans Menu' undisplayed
2020-08-06 11:55:38,343 INFO  com.wordpress.login.Login_12_Log_Report_HTML -  -------------------------- PASSED -------------------------- 
2020-08-06 11:55:38,344 INFO  com.wordpress.login.Login_12_Log_Report_HTML - Post-condition : Close browser
2020-08-06 11:57:31,248 INFO  com.wordpress.login.Login_12_Log_Report_HTML - Pre-condition : Step 01 - Navigate to login page
2020-08-06 11:57:31,262 INFO  com.wordpress.login.Login_12_Log_Report_HTML - Login Page : Step 01 - Input to 'Email' textbox 
2020-08-06 11:57:31,434 INFO  com.wordpress.login.Login_12_Log_Report_HTML - Login Page : Step 02 - Click to 'Continue' button 
2020-08-06 11:57:31,713 INFO  com.wordpress.login.Login_12_Log_Report_HTML - Login Page : Step 03 - Input to 'Password' textbox 
2020-08-06 11:57:32,338 INFO  com.wordpress.login.Login_12_Log_Report_HTML - Login Page : Step 04 - Navigate to Dashboard page
2020-08-06 11:57:32,607 INFO  com.wordpress.login.Login_12_Log_Report_HTML - Dasboard Page : Step 01 - Verify header text displayed
2020-08-06 11:57:36,581 INFO  com.wordpress.login.Login_12_Log_Report_HTML -  -------------------------- PASSED -------------------------- 
2020-08-06 11:57:36,586 INFO  com.wordpress.login.Login_12_Log_Report_HTML - Dasboard Page : Step 02 - Click to Screen option
2020-08-06 11:57:42,865 INFO  com.wordpress.login.Login_12_Log_Report_HTML - Dasboard Page : Step 03 - Verify 'Activity' checkbox is displayed
2020-08-06 11:57:42,904 INFO  com.wordpress.login.Login_12_Log_Report_HTML -  -------------------------- PASSED -------------------------- 
2020-08-06 11:57:42,904 INFO  com.wordpress.login.Login_12_Log_Report_HTML - Dasboard Page : Step 04 - Click to Screen option 
2020-08-06 11:57:49,190 INFO  com.wordpress.login.Login_12_Log_Report_HTML - Dasboard Page : Step 05 - Verify 'Activity Checkbox' undisplayed
2020-08-06 11:57:49,216 INFO  com.wordpress.login.Login_12_Log_Report_HTML -  -------------------------- PASSED -------------------------- 
2020-08-06 11:57:49,216 INFO  com.wordpress.login.Login_12_Log_Report_HTML - Dasboard Page : Step 06 - Verify 'All Posts menu ' undisplayed
2020-08-06 11:57:49,243 INFO  com.wordpress.login.Login_12_Log_Report_HTML -  -------------------------- PASSED -------------------------- 
2020-08-06 11:57:49,245 INFO  com.wordpress.login.Login_12_Log_Report_HTML - Dasboard Page : Step 02 - Verify 'Plans Menu' undisplayed
2020-08-06 11:57:54,269 INFO  com.wordpress.login.Login_12_Log_Report_HTML -  -------------------------- PASSED -------------------------- 
2020-08-06 11:57:54,271 INFO  com.wordpress.login.Login_12_Log_Report_HTML - Post-condition : Close browser
2020-08-06 13:45:08,898 INFO  com.wordpress.login.Login_12_Log_Report_HTML - Pre-condition : Step 01 - Navigate to login page
2020-08-06 13:45:08,908 INFO  com.wordpress.login.Login_12_Log_Report_HTML - Login Page : Step 01 - Input to 'Email' textbox 
2020-08-06 13:45:09,095 INFO  com.wordpress.login.Login_12_Log_Report_HTML - Login Page : Step 02 - Click to 'Continue' button 
2020-08-06 13:45:09,365 INFO  com.wordpress.login.Login_12_Log_Report_HTML - Login Page : Step 03 - Input to 'Password' textbox 
2020-08-06 13:45:09,985 INFO  com.wordpress.login.Login_12_Log_Report_HTML - Login Page : Step 04 - Navigate to Dashboard page
2020-08-06 13:45:10,240 INFO  com.wordpress.login.Login_12_Log_Report_HTML - Dasboard Page : Step 01 - Verify header text displayed
2020-08-06 13:45:17,117 INFO  com.wordpress.login.Login_12_Log_Report_HTML -  -------------------------- PASSED -------------------------- 
2020-08-06 13:45:17,123 INFO  com.wordpress.login.Login_12_Log_Report_HTML - Dasboard Page : Step 02 - Click to Screen option
2020-08-06 13:45:27,421 INFO  com.wordpress.login.Login_12_Log_Report_HTML - Dasboard Page : Step 03 - Verify 'Activity' checkbox is displayed
2020-08-06 13:45:27,447 INFO  com.wordpress.login.Login_12_Log_Report_HTML -  -------------------------- PASSED -------------------------- 
2020-08-06 13:45:27,447 INFO  com.wordpress.login.Login_12_Log_Report_HTML - Dasboard Page : Step 04 - Click to Screen option 
2020-08-06 13:45:37,716 INFO  com.wordpress.login.Login_12_Log_Report_HTML - Dasboard Page : Step 05 - Verify 'Activity Checkbox' undisplayed
2020-08-06 13:45:37,743 INFO  com.wordpress.login.Login_12_Log_Report_HTML -  -------------------------- PASSED -------------------------- 
2020-08-06 13:45:37,743 INFO  com.wordpress.login.Login_12_Log_Report_HTML - Dasboard Page : Step 06 - Verify 'All Posts menu ' undisplayed
2020-08-06 13:45:37,773 INFO  com.wordpress.login.Login_12_Log_Report_HTML -  -------------------------- PASSED -------------------------- 
2020-08-06 13:45:37,775 INFO  com.wordpress.login.Login_12_Log_Report_HTML - Dasboard Page : Step 02 - Verify 'Plans Menu' undisplayed
2020-08-06 13:45:42,808 INFO  com.wordpress.login.Login_12_Log_Report_HTML -  -------------------------- PASSED -------------------------- 
2020-08-06 13:45:42,809 INFO  com.wordpress.login.Login_12_Log_Report_HTML - Post-condition : Close browser
2020-08-06 13:49:35,745 INFO  com.wordpress.login.Login_12_Log_Report_HTML - Pre-condition : Step 01 - Navigate to login page
2020-08-06 13:49:35,757 INFO  com.wordpress.login.Login_12_Log_Report_HTML - Login Page : Step 01 - Input to 'Email' textbox 
2020-08-06 13:49:35,924 INFO  com.wordpress.login.Login_12_Log_Report_HTML - Login Page : Step 02 - Click to 'Continue' button 
2020-08-06 13:49:36,195 INFO  com.wordpress.login.Login_12_Log_Report_HTML - Login Page : Step 03 - Input to 'Password' textbox 
2020-08-06 13:49:36,814 INFO  com.wordpress.login.Login_12_Log_Report_HTML - Login Page : Step 04 - Navigate to Dashboard page
2020-08-06 13:49:37,078 INFO  com.wordpress.login.Login_12_Log_Report_HTML - Dasboard Page : Step 01 - Verify header text displayed
2020-08-06 13:49:42,869 INFO  com.wordpress.login.Login_12_Log_Report_HTML -  -------------------------- PASSED -------------------------- 
2020-08-06 13:49:42,875 INFO  com.wordpress.login.Login_12_Log_Report_HTML - Dasboard Page : Step 02 - Click to Screen option
2020-08-06 13:49:53,181 INFO  com.wordpress.login.Login_12_Log_Report_HTML - Dasboard Page : Step 03 - Verify 'Activity' checkbox is displayed
2020-08-06 13:49:53,212 INFO  com.wordpress.login.Login_12_Log_Report_HTML -  -------------------------- PASSED -------------------------- 
2020-08-06 13:49:53,212 INFO  com.wordpress.login.Login_12_Log_Report_HTML - Dasboard Page : Step 04 - Click to Screen option 
2020-08-06 13:50:03,483 INFO  com.wordpress.login.Login_12_Log_Report_HTML - Dasboard Page : Step 05 - Verify 'Activity Checkbox' undisplayed
2020-08-06 13:50:03,508 INFO  com.wordpress.login.Login_12_Log_Report_HTML -  -------------------------- PASSED -------------------------- 
2020-08-06 13:50:03,508 INFO  com.wordpress.login.Login_12_Log_Report_HTML - Dasboard Page : Step 06 - Verify 'All Posts menu ' undisplayed
2020-08-06 13:50:03,538 INFO  com.wordpress.login.Login_12_Log_Report_HTML -  -------------------------- PASSED -------------------------- 
2020-08-06 13:50:03,540 INFO  com.wordpress.login.Login_12_Log_Report_HTML - Dasboard Page : Step 02 - Verify 'Plans Menu' undisplayed
2020-08-06 13:50:08,567 INFO  com.wordpress.login.Login_12_Log_Report_HTML -  -------------------------- PASSED -------------------------- 
2020-08-06 13:50:08,569 INFO  com.wordpress.login.Login_12_Log_Report_HTML - Post-condition : Close browser
2020-08-06 13:55:35,272 INFO  com.wordpress.login.Login_12_Log_Report_HTML - Pre-condition : Step 01 - Navigate to login page
2020-08-06 13:55:35,288 INFO  com.wordpress.login.Login_12_Log_Report_HTML - Login Page : Step 01 - Input to 'Email' textbox 
2020-08-06 13:55:35,504 INFO  com.wordpress.login.Login_12_Log_Report_HTML - Login Page : Step 02 - Click to 'Continue' button 
2020-08-06 13:55:35,803 INFO  com.wordpress.login.Login_12_Log_Report_HTML - Login Page : Step 03 - Input to 'Password' textbox 
2020-08-06 13:55:36,425 INFO  com.wordpress.login.Login_12_Log_Report_HTML - Login Page : Step 04 - Navigate to Dashboard page
2020-08-06 13:55:36,690 INFO  com.wordpress.login.Login_12_Log_Report_HTML - Dasboard Page : Step 01 - Verify header text displayed
2020-08-06 13:55:42,777 INFO  com.wordpress.login.Login_12_Log_Report_HTML -  -------------------------- PASSED -------------------------- 
2020-08-06 13:55:42,782 INFO  com.wordpress.login.Login_12_Log_Report_HTML - Dasboard Page : Step 02 - Click to Screen option
2020-08-06 13:55:53,071 INFO  com.wordpress.login.Login_12_Log_Report_HTML - Dasboard Page : Step 03 - Verify 'Activity' checkbox is displayed
2020-08-06 13:55:53,099 INFO  com.wordpress.login.Login_12_Log_Report_HTML -  -------------------------- PASSED -------------------------- 
2020-08-06 13:55:53,099 INFO  com.wordpress.login.Login_12_Log_Report_HTML - Dasboard Page : Step 04 - Click to Screen option 
2020-08-06 13:56:03,365 INFO  com.wordpress.login.Login_12_Log_Report_HTML - Dasboard Page : Step 05 - Verify 'Activity Checkbox' undisplayed
2020-08-06 13:56:03,390 INFO  com.wordpress.login.Login_12_Log_Report_HTML -  -------------------------- PASSED -------------------------- 
2020-08-06 13:56:03,390 INFO  com.wordpress.login.Login_12_Log_Report_HTML - Dasboard Page : Step 06 - Verify 'All Posts menu ' undisplayed
2020-08-06 13:56:03,414 INFO  com.wordpress.login.Login_12_Log_Report_HTML -  -------------------------- PASSED -------------------------- 
2020-08-06 13:56:03,416 INFO  com.wordpress.login.Login_12_Log_Report_HTML - Dasboard Page : Step 02 - Verify 'Plans Menu' undisplayed
2020-08-06 13:56:08,442 INFO  com.wordpress.login.Login_12_Log_Report_HTML -  -------------------------- PASSED -------------------------- 
2020-08-06 13:56:08,443 INFO  com.wordpress.login.Login_12_Log_Report_HTML - Post-condition : Close browser
